Using pre-set license
Built from '2020.2/release' branch; Version is '2020.2.1f1 (270dd8c3da1c) revision 2559448'; Using compiler version '192528614'; Build Type 'Release'
OS: 'Windows 10  (10.0.0) 64bit' Language: 'en' Physical Memory: 32687 MB
BatchMode: 1, IsHumanControllingUs: 0, StartBugReporterOnCrash: 0, Is64bit: 1, IsPro: 0

 COMMAND LINE ARGUMENTS:
C:\Program Files\Unity\Hub\Editor\2020.2.1f1\Editor\Unity.exe
-adb2
-batchMode
-noUpm
-name
AssetImportWorker0
-projectPath
D:/Personal Projects/Dissonance
-logFile
Logs/AssetImportWorker0.log
-srvPort
53329
Successfully changed project path to: D:/Personal Projects/Dissonance
D:/Personal Projects/Dissonance
Using Asset Import Pipeline V2.
Refreshing native plugins compatible for Editor in 43.96 ms, found 0 plugins.
Preloading 0 native plugins for Editor in 0.00 ms.
Initialize engine version: 2020.2.1f1 (270dd8c3da1c)
[Subsystems] Discovering subsystems at path C:/Program Files/Unity/Hub/Editor/2020.2.1f1/Editor/Data/Resources/UnitySubsystems
[Subsystems] Discovering subsystems at path D:/Personal Projects/Dissonance/Assets
GfxDevice: creating device client; threaded=0
Direct3D:
    Version:  Direct3D 11.0 [level 11.1]
    Renderer: NVIDIA GeForce RTX 2070 (ID=0x1f02)
    Vendor:   
    VRAM:     8019 MB
    Driver:   31.0.15.2756
Shader 'Universal Render Pipeline/Particles/Lit': fallback shader 'Universal Render Pipeline/Particles/SimpleLit' not found
Initialize mono
Mono path[0] = 'C:/Program Files/Unity/Hub/Editor/2020.2.1f1/Editor/Data/Managed'
Mono path[1] = 'C:/Program Files/Unity/Hub/Editor/2020.2.1f1/Editor/Data/MonoBleedingEdge/lib/mono/unityjit'
Mono config path = 'C:/Program Files/Unity/Hub/Editor/2020.2.1f1/Editor/Data/MonoBleedingEdge/etc'
Using monoOptions --debugger-agent=transport=dt_socket,embedding=1,server=y,suspend=n,address=127.0.0.1:56432
Begin MonoManager ReloadAssembly
Registering precompiled unity dll's ...
Register platform support module: C:/Program Files/Unity/Hub/Editor/2020.2.1f1/Editor/Data/PlaybackEngines/MacStandaloneSupport/UnityEditor.OSXStandalone.Extensions.dll
Register platform support module: C:/Program Files/Unity/Hub/Editor/2020.2.1f1/Editor/Data/PlaybackEngines/WindowsStandaloneSupport/UnityEditor.WindowsStandalone.Extensions.dll
Register platform support module: C:/Program Files/Unity/Hub/Editor/2020.2.1f1/Editor/Data/PlaybackEngines/LinuxStandaloneSupport/UnityEditor.LinuxStandalone.Extensions.dll
Registered in 0.002067 seconds.
Native extension for LinuxStandalone target not found
Native extension for WindowsStandalone target not found
Native extension for OSXStandalone target not found
Refreshing native plugins compatible for Editor in 42.59 ms, found 0 plugins.
Preloading 0 native plugins for Editor in 0.00 ms.
Invoked RoslynAnalysisRunner static constructor.
RoslynAnalysisRunner will not be running.
RoslynAnalysisRunner has terminated.
Mono: successfully reloaded assembly
- Completed reload, in  0.747 seconds
Platform modules already initialized, skipping
Registering precompiled user dll's ...
Registered in 0.001262 seconds.
Begin MonoManager ReloadAssembly
Native extension for LinuxStandalone target not found
Native extension for WindowsStandalone target not found
Native extension for OSXStandalone target not found
Refreshing native plugins compatible for Editor in 43.38 ms, found 0 plugins.
Preloading 0 native plugins for Editor in 0.00 ms.
Invoked RoslynAnalysisRunner static constructor.
RoslynAnalysisRunner will not be running.
RoslynAnalysisRunner has terminated.
Mono: successfully reloaded assembly
- Completed reload, in  1.151 seconds
Platform modules already initialized, skipping
========================================================================
Worker process is ready to serve import requests
Shader 'Universal Render Pipeline/Particles/Lit': fallback shader 'Universal Render Pipeline/Particles/SimpleLit' not found
Launched and connected shader compiler UnityShaderCompiler.exe after 0.02 seconds
Refreshing native plugins compatible for Editor in 0.45 ms, found 0 plugins.
Preloading 0 native plugins for Editor in 0.00 ms.
Unloading 2800 Unused Serialized files (Serialized files now loaded: 0)
System memory in use before: 213.2 MB.
System memory in use after: 213.4 MB.

Unloading 16 unused Assets to reduce memory usage. Loaded Objects now: 3275.
Total: 1.821500 ms (FindLiveObjects: 0.377000 ms CreateObjectMapping: 0.123600 ms MarkObjects: 1.297500 ms  DeleteObjects: 0.022800 ms)

========================================================================
Received Import Request.
  path: Assets/Scenes/Levels/Level 2.unity
  artifactKey: Guid(8018b8de3e381e748b8dcc8ddfbde5b4) Importer(815301076,1909f56bfc062723c751e8b465ee728b)
Start importing Assets/Scenes/Levels/Level 2.unity using Guid(8018b8de3e381e748b8dcc8ddfbde5b4) Importer(815301076,1909f56bfc062723c751e8b465ee728b)  -> (artifact id: '6ef33c721e7f661884e32f2852d13a79') in 0.011996 seconds
  Import took 0.015458 seconds .

========================================================================
Received Import Request.
  Time since last request: 0.003998 seconds.
  path: Assets/Scenes/Levels/Level 2.unity
  artifactKey: Guid(8018b8de3e381e748b8dcc8ddfbde5b4) Importer(815301076,1909f56bfc062723c751e8b465ee728b)
Start importing Assets/Scenes/Levels/Level 2.unity using Guid(8018b8de3e381e748b8dcc8ddfbde5b4) Importer(815301076,1909f56bfc062723c751e8b465ee728b)  -> (artifact id: '6ef33c721e7f661884e32f2852d13a79') in 0.001788 seconds
  Import took 0.005143 seconds .

========================================================================
Received Prepare
Registering precompiled user dll's ...
Registered in 0.001297 seconds.
Begin MonoManager ReloadAssembly
Native extension for LinuxStandalone target not found
Native extension for WindowsStandalone target not found
Native extension for OSXStandalone target not found
Refreshing native plugins compatible for Editor in 0.44 ms, found 0 plugins.
Preloading 0 native plugins for Editor in 0.00 ms.
Invoked RoslynAnalysisRunner static constructor.
RoslynAnalysisRunner will not be running.
RoslynAnalysisRunner has terminated.
Mono: successfully reloaded assembly
- Completed reload, in  1.052 seconds
Platform modules already initialized, skipping
Shader 'Universal Render Pipeline/Particles/Lit': fallback shader 'Universal Render Pipeline/Particles/SimpleLit' not found
Refreshing native plugins compatible for Editor in 0.43 ms, found 0 plugins.
Preloading 0 native plugins for Editor in 0.00 ms.
Unloading 2666 Unused Serialized files (Serialized files now loaded: 0)
System memory in use before: 206.6 MB.
System memory in use after: 206.8 MB.

Unloading 7 unused Assets to reduce memory usage. Loaded Objects now: 3277.
Total: 1.725300 ms (FindLiveObjects: 0.221400 ms CreateObjectMapping: 0.124000 ms MarkObjects: 1.367100 ms  DeleteObjects: 0.012100 ms)

========================================================================
Received Prepare
Registering precompiled user dll's ...
Registered in 0.001287 seconds.
Begin MonoManager ReloadAssembly
Native extension for LinuxStandalone target not found
Native extension for WindowsStandalone target not found
Native extension for OSXStandalone target not found
Refreshing native plugins compatible for Editor in 0.43 ms, found 0 plugins.
Preloading 0 native plugins for Editor in 0.00 ms.
Invoked RoslynAnalysisRunner static constructor.
RoslynAnalysisRunner will not be running.
RoslynAnalysisRunner has terminated.
Mono: successfully reloaded assembly
- Completed reload, in  1.047 seconds
Platform modules already initialized, skipping
Shader 'Universal Render Pipeline/Particles/Lit': fallback shader 'Universal Render Pipeline/Particles/SimpleLit' not found
Refreshing native plugins compatible for Editor in 0.47 ms, found 0 plugins.
Preloading 0 native plugins for Editor in 0.00 ms.
Unloading 2666 Unused Serialized files (Serialized files now loaded: 0)
System memory in use before: 207.6 MB.
System memory in use after: 207.9 MB.

Unloading 7 unused Assets to reduce memory usage. Loaded Objects now: 3279.
Total: 2.230600 ms (FindLiveObjects: 0.300800 ms CreateObjectMapping: 0.209500 ms MarkObjects: 1.703100 ms  DeleteObjects: 0.015700 ms)

========================================================================
Received Import Request.
  Time since last request: 289.732952 seconds.
  path: Assets/Grapple Hook/Scripts/GunManager.cs
  artifactKey: Guid(2170307049192cf4db56187489b4e9d4) Importer(815301076,1909f56bfc062723c751e8b465ee728b)
Start importing Assets/Grapple Hook/Scripts/GunManager.cs using Guid(2170307049192cf4db56187489b4e9d4) Importer(815301076,1909f56bfc062723c751e8b465ee728b)  -> (artifact id: 'a994093f83fbdc3dbbf321aebeaf6150') in 0.023169 seconds
  Import took 0.026606 seconds .

========================================================================
Received Prepare
Registering precompiled user dll's ...
Registered in 0.001287 seconds.
Begin MonoManager ReloadAssembly
Native extension for LinuxStandalone target not found
Native extension for WindowsStandalone target not found
Native extension for OSXStandalone target not found
Refreshing native plugins compatible for Editor in 0.43 ms, found 0 plugins.
Preloading 0 native plugins for Editor in 0.00 ms.
Invoked RoslynAnalysisRunner static constructor.
RoslynAnalysisRunner will not be running.
RoslynAnalysisRunner has terminated.
Mono: successfully reloaded assembly
- Completed reload, in  1.044 seconds
Platform modules already initialized, skipping
Shader 'Universal Render Pipeline/Particles/Lit': fallback shader 'Universal Render Pipeline/Particles/SimpleLit' not found
Refreshing native plugins compatible for Editor in 0.43 ms, found 0 plugins.
Preloading 0 native plugins for Editor in 0.00 ms.
Unloading 2666 Unused Serialized files (Serialized files now loaded: 0)
System memory in use before: 207.7 MB.
System memory in use after: 207.9 MB.

Unloading 7 unused Assets to reduce memory usage. Loaded Objects now: 3281.
Total: 1.698900 ms (FindLiveObjects: 0.214800 ms CreateObjectMapping: 0.102400 ms MarkObjects: 1.368100 ms  DeleteObjects: 0.012700 ms)

========================================================================
Received Prepare
Registering precompiled user dll's ...
Registered in 0.001299 seconds.
Begin MonoManager ReloadAssembly
Native extension for LinuxStandalone target not found
Native extension for WindowsStandalone target not found
Native extension for OSXStandalone target not found
Refreshing native plugins compatible for Editor in 0.43 ms, found 0 plugins.
Preloading 0 native plugins for Editor in 0.00 ms.
Invoked RoslynAnalysisRunner static constructor.
RoslynAnalysisRunner will not be running.
RoslynAnalysisRunner has terminated.
Mono: successfully reloaded assembly
- Completed reload, in  1.026 seconds
Platform modules already initialized, skipping
Shader 'Universal Render Pipeline/Particles/Lit': fallback shader 'Universal Render Pipeline/Particles/SimpleLit' not found
Refreshing native plugins compatible for Editor in 0.44 ms, found 0 plugins.
Preloading 0 native plugins for Editor in 0.00 ms.
Unloading 2666 Unused Serialized files (Serialized files now loaded: 0)
System memory in use before: 207.7 MB.
System memory in use after: 207.9 MB.

Unloading 7 unused Assets to reduce memory usage. Loaded Objects now: 3283.
Total: 1.833600 ms (FindLiveObjects: 0.224500 ms CreateObjectMapping: 0.113600 ms MarkObjects: 1.481900 ms  DeleteObjects: 0.013000 ms)

========================================================================
Received Prepare
Registering precompiled user dll's ...
Registered in 0.001297 seconds.
Begin MonoManager ReloadAssembly
Native extension for LinuxStandalone target not found
Native extension for WindowsStandalone target not found
Native extension for OSXStandalone target not found
Refreshing native plugins compatible for Editor in 0.43 ms, found 0 plugins.
Preloading 0 native plugins for Editor in 0.00 ms.
Invoked RoslynAnalysisRunner static constructor.
RoslynAnalysisRunner will not be running.
RoslynAnalysisRunner has terminated.
Mono: successfully reloaded assembly
- Completed reload, in  1.063 seconds
Platform modules already initialized, skipping
Shader 'Universal Render Pipeline/Particles/Lit': fallback shader 'Universal Render Pipeline/Particles/SimpleLit' not found
Refreshing native plugins compatible for Editor in 0.44 ms, found 0 plugins.
Preloading 0 native plugins for Editor in 0.00 ms.
Unloading 2666 Unused Serialized files (Serialized files now loaded: 0)
System memory in use before: 207.7 MB.
System memory in use after: 207.9 MB.

Unloading 7 unused Assets to reduce memory usage. Loaded Objects now: 3285.
Total: 1.760000 ms (FindLiveObjects: 0.212700 ms CreateObjectMapping: 0.109300 ms MarkObjects: 1.424700 ms  DeleteObjects: 0.012500 ms)

========================================================================
Received Prepare
Registering precompiled user dll's ...
Registered in 0.001215 seconds.
Begin MonoManager ReloadAssembly
Native extension for LinuxStandalone target not found
Native extension for WindowsStandalone target not found
Native extension for OSXStandalone target not found
Refreshing native plugins compatible for Editor in 0.43 ms, found 0 plugins.
Preloading 0 native plugins for Editor in 0.00 ms.
Invoked RoslynAnalysisRunner static constructor.
RoslynAnalysisRunner will not be running.
RoslynAnalysisRunner has terminated.
Mono: successfully reloaded assembly
- Completed reload, in  1.034 seconds
Platform modules already initialized, skipping
Shader 'Universal Render Pipeline/Particles/Lit': fallback shader 'Universal Render Pipeline/Particles/SimpleLit' not found
Refreshing native plugins compatible for Editor in 0.44 ms, found 0 plugins.
Preloading 0 native plugins for Editor in 0.00 ms.
Unloading 2666 Unused Serialized files (Serialized files now loaded: 0)
System memory in use before: 207.7 MB.
System memory in use after: 207.9 MB.

Unloading 7 unused Assets to reduce memory usage. Loaded Objects now: 3287.
Total: 2.085000 ms (FindLiveObjects: 0.245100 ms CreateObjectMapping: 0.146600 ms MarkObjects: 1.678800 ms  DeleteObjects: 0.013400 ms)

========================================================================
Received Prepare
Registering precompiled user dll's ...
Registered in 0.001313 seconds.
Begin MonoManager ReloadAssembly
Native extension for LinuxStandalone target not found
Native extension for WindowsStandalone target not found
Native extension for OSXStandalone target not found
Refreshing native plugins compatible for Editor in 0.51 ms, found 0 plugins.
Preloading 0 native plugins for Editor in 0.00 ms.
Invoked RoslynAnalysisRunner static constructor.
RoslynAnalysisRunner will not be running.
RoslynAnalysisRunner has terminated.
Mono: successfully reloaded assembly
- Completed reload, in  1.034 seconds
Platform modules already initialized, skipping
Shader 'Universal Render Pipeline/Particles/Lit': fallback shader 'Universal Render Pipeline/Particles/SimpleLit' not found
Refreshing native plugins compatible for Editor in 0.42 ms, found 0 plugins.
Preloading 0 native plugins for Editor in 0.00 ms.
Unloading 2666 Unused Serialized files (Serialized files now loaded: 0)
System memory in use before: 207.7 MB.
System memory in use after: 207.9 MB.

Unloading 7 unused Assets to reduce memory usage. Loaded Objects now: 3289.
Total: 1.678700 ms (FindLiveObjects: 0.205400 ms CreateObjectMapping: 0.115600 ms MarkObjects: 1.345400 ms  DeleteObjects: 0.011500 ms)

========================================================================
Received Prepare
Registering precompiled user dll's ...
Registered in 0.001470 seconds.
Begin MonoManager ReloadAssembly
Native extension for LinuxStandalone target not found
Native extension for WindowsStandalone target not found
Native extension for OSXStandalone target not found
Refreshing native plugins compatible for Editor in 0.43 ms, found 0 plugins.
Preloading 0 native plugins for Editor in 0.00 ms.
Invoked RoslynAnalysisRunner static constructor.
RoslynAnalysisRunner will not be running.
RoslynAnalysisRunner has terminated.
Mono: successfully reloaded assembly
- Completed reload, in  1.034 seconds
Platform modules already initialized, skipping
Shader 'Universal Render Pipeline/Particles/Lit': fallback shader 'Universal Render Pipeline/Particles/SimpleLit' not found
Refreshing native plugins compatible for Editor in 0.42 ms, found 0 plugins.
Preloading 0 native plugins for Editor in 0.00 ms.
Unloading 2666 Unused Serialized files (Serialized files now loaded: 0)
System memory in use before: 207.7 MB.
System memory in use after: 207.9 MB.

Unloading 7 unused Assets to reduce memory usage. Loaded Objects now: 3291.
Total: 2.004400 ms (FindLiveObjects: 0.271400 ms CreateObjectMapping: 0.163900 ms MarkObjects: 1.551700 ms  DeleteObjects: 0.016500 ms)

========================================================================
Received Prepare
Registering precompiled user dll's ...
Registered in 0.001288 seconds.
Begin MonoManager ReloadAssembly
Native extension for LinuxStandalone target not found
Native extension for WindowsStandalone target not found
Native extension for OSXStandalone target not found
Refreshing native plugins compatible for Editor in 0.43 ms, found 0 plugins.
Preloading 0 native plugins for Editor in 0.00 ms.
Invoked RoslynAnalysisRunner static constructor.
RoslynAnalysisRunner will not be running.
RoslynAnalysisRunner has terminated.
Mono: successfully reloaded assembly
- Completed reload, in  1.064 seconds
Platform modules already initialized, skipping
Shader 'Universal Render Pipeline/Particles/Lit': fallback shader 'Universal Render Pipeline/Particles/SimpleLit' not found
Refreshing native plugins compatible for Editor in 0.44 ms, found 0 plugins.
Preloading 0 native plugins for Editor in 0.00 ms.
Unloading 2666 Unused Serialized files (Serialized files now loaded: 0)
System memory in use before: 207.7 MB.
System memory in use after: 207.9 MB.

Unloading 7 unused Assets to reduce memory usage. Loaded Objects now: 3293.
Total: 1.818600 ms (FindLiveObjects: 0.234700 ms CreateObjectMapping: 0.134000 ms MarkObjects: 1.437200 ms  DeleteObjects: 0.012100 ms)

========================================================================
Received Import Request.
  Time since last request: 502.638240 seconds.
  path: Assets/Level Creation/Puzzle Mechanics/Pushable Blocks-Pressure Plates/Prefabs/Pressure Plate.prefab
  artifactKey: Guid(12cd2ab356887ea44830e5873aff68a1) Importer(815301076,1909f56bfc062723c751e8b465ee728b)
Start importing Assets/Level Creation/Puzzle Mechanics/Pushable Blocks-Pressure Plates/Prefabs/Pressure Plate.prefab using Guid(12cd2ab356887ea44830e5873aff68a1) Importer(815301076,1909f56bfc062723c751e8b465ee728b)  -> (artifact id: '08fdf2b3d45ab83cb5241e2099ed3bf5') in 0.154080 seconds
  Import took 0.158023 seconds .

========================================================================
Received Import Request.
  Time since last request: 0.000222 seconds.
  path: Assets/Level Creation/Puzzle Mechanics/Pushable Blocks-Pressure Plates/Prefabs/Pushable Block.prefab
  artifactKey: Guid(d5f81572ad1b6814fa64e4e83769d666) Importer(815301076,1909f56bfc062723c751e8b465ee728b)
Start importing Assets/Level Creation/Puzzle Mechanics/Pushable Blocks-Pressure Plates/Prefabs/Pushable Block.prefab using Guid(d5f81572ad1b6814fa64e4e83769d666) Importer(815301076,1909f56bfc062723c751e8b465ee728b)  -> (artifact id: '532b083f33bb0b0c0b2379e4c1d2962e') in 0.010365 seconds
  Import took 0.014428 seconds .

========================================================================
Received Import Request.
  Time since last request: 7.229266 seconds.
  path: Assets/Level Creation/Puzzle Mechanics/Pushable Blocks-Pressure Plates/Prefabs/Pushable Block.prefab
  artifactKey: Guid(d5f81572ad1b6814fa64e4e83769d666) Importer(815301076,1909f56bfc062723c751e8b465ee728b)
Start importing Assets/Level Creation/Puzzle Mechanics/Pushable Blocks-Pressure Plates/Prefabs/Pushable Block.prefab using Guid(d5f81572ad1b6814fa64e4e83769d666) Importer(815301076,1909f56bfc062723c751e8b465ee728b)  -> (artifact id: '1fec86237b4bb4202f33f2aba8dedf40') in 0.008759 seconds
  Import took 0.012373 seconds .

========================================================================
Received Import Request.
  Time since last request: 0.958251 seconds.
  path: Assets/Level Creation/Puzzle Mechanics/Pushable Blocks-Pressure Plates/Prefabs/Pushable Block.prefab
  artifactKey: Guid(d5f81572ad1b6814fa64e4e83769d666) Importer(815301076,1909f56bfc062723c751e8b465ee728b)
Start importing Assets/Level Creation/Puzzle Mechanics/Pushable Blocks-Pressure Plates/Prefabs/Pushable Block.prefab using Guid(d5f81572ad1b6814fa64e4e83769d666) Importer(815301076,1909f56bfc062723c751e8b465ee728b)  -> (artifact id: 'cc1a5b6d88d69ee056c96e90d9cf3277') in 0.007631 seconds
  Import took 0.011857 seconds .

========================================================================
Received Prepare
Registering precompiled user dll's ...
Registered in 0.001302 seconds.
Begin MonoManager ReloadAssembly
Native extension for LinuxStandalone target not found
Native extension for WindowsStandalone target not found
Native extension for OSXStandalone target not found
Refreshing native plugins compatible for Editor in 0.43 ms, found 0 plugins.
Preloading 0 native plugins for Editor in 0.00 ms.
Invoked RoslynAnalysisRunner static constructor.
RoslynAnalysisRunner will not be running.
RoslynAnalysisRunner has terminated.
Mono: successfully reloaded assembly
- Completed reload, in  1.065 seconds
Platform modules already initialized, skipping
Shader 'Universal Render Pipeline/Particles/Lit': fallback shader 'Universal Render Pipeline/Particles/SimpleLit' not found
Refreshing native plugins compatible for Editor in 0.43 ms, found 0 plugins.
Preloading 0 native plugins for Editor in 0.00 ms.
Unloading 2666 Unused Serialized files (Serialized files now loaded: 0)
System memory in use before: 212.8 MB.
System memory in use after: 213.1 MB.

Unloading 7 unused Assets to reduce memory usage. Loaded Objects now: 3340.
Total: 1.727500 ms (FindLiveObjects: 0.211300 ms CreateObjectMapping: 0.110100 ms MarkObjects: 1.393600 ms  DeleteObjects: 0.011600 ms)

========================================================================
Received Prepare
Registering precompiled user dll's ...
Registered in 0.001308 seconds.
Begin MonoManager ReloadAssembly
Native extension for LinuxStandalone target not found
Native extension for WindowsStandalone target not found
Native extension for OSXStandalone target not found
Refreshing native plugins compatible for Editor in 0.43 ms, found 0 plugins.
Preloading 0 native plugins for Editor in 0.00 ms.
Invoked RoslynAnalysisRunner static constructor.
RoslynAnalysisRunner will not be running.
RoslynAnalysisRunner has terminated.
Mono: successfully reloaded assembly
- Completed reload, in  1.048 seconds
Platform modules already initialized, skipping
Shader 'Universal Render Pipeline/Particles/Lit': fallback shader 'Universal Render Pipeline/Particles/SimpleLit' not found
Refreshing native plugins compatible for Editor in 0.43 ms, found 0 plugins.
Preloading 0 native plugins for Editor in 0.00 ms.
Unloading 2666 Unused Serialized files (Serialized files now loaded: 0)
System memory in use before: 212.8 MB.
System memory in use after: 213.1 MB.

Unloading 7 unused Assets to reduce memory usage. Loaded Objects now: 3342.
Total: 2.007100 ms (FindLiveObjects: 0.249800 ms CreateObjectMapping: 0.133300 ms MarkObjects: 1.607900 ms  DeleteObjects: 0.015000 ms)

========================================================================
Received Import Request.
  Time since last request: 412.803279 seconds.
  path: Assets/Level Creation/Puzzle Mechanics/Pushable Blocks-Pressure Plates/Scripts/MoveableBlock.cs
  artifactKey: Guid(58b7040579cceae428a8b37705d25c5f) Importer(815301076,1909f56bfc062723c751e8b465ee728b)
Start importing Assets/Level Creation/Puzzle Mechanics/Pushable Blocks-Pressure Plates/Scripts/MoveableBlock.cs using Guid(58b7040579cceae428a8b37705d25c5f) Importer(815301076,1909f56bfc062723c751e8b465ee728b)  -> (artifact id: 'e06f7b07811f01df3ae9716fca2ab091') in 0.010658 seconds
  Import took 0.015345 seconds .

========================================================================
Received Import Request.
  Time since last request: 0.003554 seconds.
  path: Assets/Level Creation/Puzzle Mechanics/Pushable Blocks-Pressure Plates/Scripts/MoveableBlock.cs
  artifactKey: Guid(58b7040579cceae428a8b37705d25c5f) Importer(815301076,1909f56bfc062723c751e8b465ee728b)
Start importing Assets/Level Creation/Puzzle Mechanics/Pushable Blocks-Pressure Plates/Scripts/MoveableBlock.cs using Guid(58b7040579cceae428a8b37705d25c5f) Importer(815301076,1909f56bfc062723c751e8b465ee728b)  -> (artifact id: 'e06f7b07811f01df3ae9716fca2ab091') in 0.001544 seconds
  Import took 0.005102 seconds .

========================================================================
Received Import Request.
  Time since last request: 6.006363 seconds.
  path: Assets/Level Creation/Puzzle Mechanics/Pushable Blocks-Pressure Plates/Scripts/MoveableBoxPushCollider.cs
  artifactKey: Guid(4a670203b2fe6c944b219f42c1d0b015) Importer(815301076,1909f56bfc062723c751e8b465ee728b)
Start importing Assets/Level Creation/Puzzle Mechanics/Pushable Blocks-Pressure Plates/Scripts/MoveableBoxPushCollider.cs using Guid(4a670203b2fe6c944b219f42c1d0b015) Importer(815301076,1909f56bfc062723c751e8b465ee728b)  -> (artifact id: '548a6a8ef53d76d3ef46b65622d8f050') in 0.068701 seconds
  Import took 0.080805 seconds .

========================================================================
Received Prepare
Registering precompiled user dll's ...
Registered in 0.001301 seconds.
Begin MonoManager ReloadAssembly
Native extension for LinuxStandalone target not found
Native extension for WindowsStandalone target not found
Native extension for OSXStandalone target not found
Refreshing native plugins compatible for Editor in 1.19 ms, found 0 plugins.
Preloading 0 native plugins for Editor in 0.00 ms.
Invoked RoslynAnalysisRunner static constructor.
RoslynAnalysisRunner will not be running.
RoslynAnalysisRunner has terminated.
Mono: successfully reloaded assembly
- Completed reload, in  1.174 seconds
Platform modules already initialized, skipping
Shader 'Universal Render Pipeline/Particles/Lit': fallback shader 'Universal Render Pipeline/Particles/SimpleLit' not found
Refreshing native plugins compatible for Editor in 0.43 ms, found 0 plugins.
Preloading 0 native plugins for Editor in 0.00 ms.
Unloading 2666 Unused Serialized files (Serialized files now loaded: 0)
System memory in use before: 212.9 MB.
System memory in use after: 213.1 MB.

Unloading 7 unused Assets to reduce memory usage. Loaded Objects now: 3344.
Total: 1.824600 ms (FindLiveObjects: 0.245100 ms CreateObjectMapping: 0.132500 ms MarkObjects: 1.431500 ms  DeleteObjects: 0.014300 ms)

========================================================================
Received Import Request.
  Time since last request: 43.221457 seconds.
  path: Assets/Level Creation/Puzzle Mechanics/Pushable Blocks-Pressure Plates/Scripts/MoveableBlock.cs
  artifactKey: Guid(58b7040579cceae428a8b37705d25c5f) Importer(815301076,1909f56bfc062723c751e8b465ee728b)
Start importing Assets/Level Creation/Puzzle Mechanics/Pushable Blocks-Pressure Plates/Scripts/MoveableBlock.cs using Guid(58b7040579cceae428a8b37705d25c5f) Importer(815301076,1909f56bfc062723c751e8b465ee728b)  -> (artifact id: '43235ef731f04e70d388944e2f861465') in 0.004512 seconds
  Import took 0.009831 seconds .

========================================================================
Received Import Request.
  Time since last request: 0.028405 seconds.
  path: Assets/Level Creation/Puzzle Mechanics/Pushable Blocks-Pressure Plates/Scripts/MoveableBlock.cs
  artifactKey: Guid(58b7040579cceae428a8b37705d25c5f) Importer(815301076,1909f56bfc062723c751e8b465ee728b)
Start importing Assets/Level Creation/Puzzle Mechanics/Pushable Blocks-Pressure Plates/Scripts/MoveableBlock.cs using Guid(58b7040579cceae428a8b37705d25c5f) Importer(815301076,1909f56bfc062723c751e8b465ee728b)  -> (artifact id: '43235ef731f04e70d388944e2f861465') in 0.001550 seconds
  Import took 0.005140 seconds .

========================================================================
Received Prepare
Registering precompiled user dll's ...
Registered in 0.001342 seconds.
Begin MonoManager ReloadAssembly
Native extension for LinuxStandalone target not found
Native extension for WindowsStandalone target not found
Native extension for OSXStandalone target not found
Refreshing native plugins compatible for Editor in 0.59 ms, found 0 plugins.
Preloading 0 native plugins for Editor in 0.00 ms.
Invoked RoslynAnalysisRunner static constructor.
RoslynAnalysisRunner will not be running.
RoslynAnalysisRunner has terminated.
Mono: successfully reloaded assembly
- Completed reload, in  1.270 seconds
Platform modules already initialized, skipping
Shader 'Universal Render Pipeline/Particles/Lit': fallback shader 'Universal Render Pipeline/Particles/SimpleLit' not found
Refreshing native plugins compatible for Editor in 0.44 ms, found 0 plugins.
Preloading 0 native plugins for Editor in 0.00 ms.
Unloading 2666 Unused Serialized files (Serialized files now loaded: 0)
System memory in use before: 212.9 MB.
System memory in use after: 213.1 MB.

Unloading 7 unused Assets to reduce memory usage. Loaded Objects now: 3346.
Total: 2.521900 ms (FindLiveObjects: 0.401700 ms CreateObjectMapping: 0.303000 ms MarkObjects: 1.801800 ms  DeleteObjects: 0.014400 ms)

========================================================================
Received Import Request.
  Time since last request: 64.447525 seconds.
  path: Assets/Grapple Hook/Scripts/Grappler.cs
  artifactKey: Guid(6219a994189d6864a9e9224af77e4b1e) Importer(815301076,1909f56bfc062723c751e8b465ee728b)
Start importing Assets/Grapple Hook/Scripts/Grappler.cs using Guid(6219a994189d6864a9e9224af77e4b1e) Importer(815301076,1909f56bfc062723c751e8b465ee728b)  -> (artifact id: '648d53bff71c68216bcfbb2de3a99e04') in 0.007520 seconds
  Import took 0.012346 seconds .

========================================================================
Received Import Request.
  Time since last request: 0.002182 seconds.
  path: Assets/Grapple Hook/Scripts/Grappler.cs
  artifactKey: Guid(6219a994189d6864a9e9224af77e4b1e) Importer(815301076,1909f56bfc062723c751e8b465ee728b)
Start importing Assets/Grapple Hook/Scripts/Grappler.cs using Guid(6219a994189d6864a9e9224af77e4b1e) Importer(815301076,1909f56bfc062723c751e8b465ee728b)  -> (artifact id: '648d53bff71c68216bcfbb2de3a99e04') in 0.001599 seconds
  Import took 0.005699 seconds .

========================================================================
Received Prepare
Registering precompiled user dll's ...
Registered in 0.001398 seconds.
Begin MonoManager ReloadAssembly
Native extension for LinuxStandalone target not found
Native extension for WindowsStandalone target not found
Native extension for OSXStandalone target not found
Refreshing native plugins compatible for Editor in 0.44 ms, found 0 plugins.
Preloading 0 native plugins for Editor in 0.00 ms.
Invoked RoslynAnalysisRunner static constructor.
RoslynAnalysisRunner will not be running.
RoslynAnalysisRunner has terminated.
Mono: successfully reloaded assembly
- Completed reload, in  1.376 seconds
Platform modules already initialized, skipping
Shader 'Universal Render Pipeline/Particles/Lit': fallback shader 'Universal Render Pipeline/Particles/SimpleLit' not found
Refreshing native plugins compatible for Editor in 0.45 ms, found 0 plugins.
Preloading 0 native plugins for Editor in 0.00 ms.
Unloading 2666 Unused Serialized files (Serialized files now loaded: 0)
System memory in use before: 212.9 MB.
System memory in use after: 213.1 MB.

Unloading 7 unused Assets to reduce memory usage. Loaded Objects now: 3348.
Total: 2.060100 ms (FindLiveObjects: 0.316700 ms CreateObjectMapping: 0.195300 ms MarkObjects: 1.533700 ms  DeleteObjects: 0.013300 ms)

========================================================================
Received Import Request.
  Time since last request: 98.498655 seconds.
  path: Assets/Grapple Hook/Scripts/Grappler.cs
  artifactKey: Guid(6219a994189d6864a9e9224af77e4b1e) Importer(815301076,1909f56bfc062723c751e8b465ee728b)
Start importing Assets/Grapple Hook/Scripts/Grappler.cs using Guid(6219a994189d6864a9e9224af77e4b1e) Importer(815301076,1909f56bfc062723c751e8b465ee728b)  -> (artifact id: '1b3e583e08a1c0a2f316b0499e5a840c') in 0.005090 seconds
  Import took 0.008640 seconds .

========================================================================
Received Import Request.
  Time since last request: 10.914717 seconds.
  path: Assets/Grapple Hook/Scripts/Grappler.cs
  artifactKey: Guid(6219a994189d6864a9e9224af77e4b1e) Importer(815301076,1909f56bfc062723c751e8b465ee728b)
Start importing Assets/Grapple Hook/Scripts/Grappler.cs using Guid(6219a994189d6864a9e9224af77e4b1e) Importer(815301076,1909f56bfc062723c751e8b465ee728b)  -> (artifact id: '49b06332724cd231f305f672f9728ed5') in 0.003472 seconds
  Import took 0.007489 seconds .

========================================================================
Received Prepare
Registering precompiled user dll's ...
Registered in 0.001301 seconds.
Begin MonoManager ReloadAssembly
Native extension for LinuxStandalone target not found
Native extension for WindowsStandalone target not found
Native extension for OSXStandalone target not found
Refreshing native plugins compatible for Editor in 0.43 ms, found 0 plugins.
Preloading 0 native plugins for Editor in 0.00 ms.
Invoked RoslynAnalysisRunner static constructor.
RoslynAnalysisRunner will not be running.
RoslynAnalysisRunner has terminated.
Mono: successfully reloaded assembly
- Completed reload, in  1.059 seconds
Platform modules already initialized, skipping
Shader 'Universal Render Pipeline/Particles/Lit': fallback shader 'Universal Render Pipeline/Particles/SimpleLit' not found
Refreshing native plugins compatible for Editor in 0.43 ms, found 0 plugins.
Preloading 0 native plugins for Editor in 0.00 ms.
Unloading 2666 Unused Serialized files (Serialized files now loaded: 0)
System memory in use before: 212.9 MB.
System memory in use after: 213.1 MB.

Unloading 7 unused Assets to reduce memory usage. Loaded Objects now: 3350.
Total: 1.903800 ms (FindLiveObjects: 0.240700 ms CreateObjectMapping: 0.127100 ms MarkObjects: 1.521500 ms  DeleteObjects: 0.013600 ms)

========================================================================
Received Import Request.
  Time since last request: 14.916245 seconds.
  path: Assets/Grapple Hook/Scripts/Grappler.cs
  artifactKey: Guid(6219a994189d6864a9e9224af77e4b1e) Importer(815301076,1909f56bfc062723c751e8b465ee728b)
Start importing Assets/Grapple Hook/Scripts/Grappler.cs using Guid(6219a994189d6864a9e9224af77e4b1e) Importer(815301076,1909f56bfc062723c751e8b465ee728b)  -> (artifact id: '21c3ccb9500a000ffe0b15729a36d171') in 0.003930 seconds
  Import took 0.007429 seconds .

========================================================================
Received Import Request.
  Time since last request: 0.000239 seconds.
  path: Assets/Grapple Hook/Scripts/Grappler.cs
  artifactKey: Guid(6219a994189d6864a9e9224af77e4b1e) Importer(815301076,1909f56bfc062723c751e8b465ee728b)
Start importing Assets/Grapple Hook/Scripts/Grappler.cs using Guid(6219a994189d6864a9e9224af77e4b1e) Importer(815301076,1909f56bfc062723c751e8b465ee728b)  -> (artifact id: '21c3ccb9500a000ffe0b15729a36d171') in 0.001454 seconds
  Import took 0.004944 seconds .

========================================================================
Received Import Request.
  Time since last request: 0.023293 seconds.
  path: Assets/Grapple Hook/Scripts/Grappler.cs
  artifactKey: Guid(6219a994189d6864a9e9224af77e4b1e) Importer(815301076,1909f56bfc062723c751e8b465ee728b)
Start importing Assets/Grapple Hook/Scripts/Grappler.cs using Guid(6219a994189d6864a9e9224af77e4b1e) Importer(815301076,1909f56bfc062723c751e8b465ee728b)  -> (artifact id: '21c3ccb9500a000ffe0b15729a36d171') in 0.001888 seconds
  Import took 0.005383 seconds .

========================================================================
Received Prepare
Registering precompiled user dll's ...
Registered in 0.001341 seconds.
Begin MonoManager ReloadAssembly
Native extension for LinuxStandalone target not found
Native extension for WindowsStandalone target not found
Native extension for OSXStandalone target not found
Refreshing native plugins compatible for Editor in 0.47 ms, found 0 plugins.
Preloading 0 native plugins for Editor in 0.00 ms.
Invoked RoslynAnalysisRunner static constructor.
RoslynAnalysisRunner will not be running.
RoslynAnalysisRunner has terminated.
Mono: successfully reloaded assembly
- Completed reload, in  1.294 seconds
Platform modules already initialized, skipping
Shader 'Universal Render Pipeline/Particles/Lit': fallback shader 'Universal Render Pipeline/Particles/SimpleLit' not found
Refreshing native plugins compatible for Editor in 0.43 ms, found 0 plugins.
Preloading 0 native plugins for Editor in 0.00 ms.
Unloading 2666 Unused Serialized files (Serialized files now loaded: 0)
System memory in use before: 212.9 MB.
System memory in use after: 213.1 MB.

Unloading 7 unused Assets to reduce memory usage. Loaded Objects now: 3352.
Total: 1.830600 ms (FindLiveObjects: 0.239700 ms CreateObjectMapping: 0.149700 ms MarkObjects: 1.426100 ms  DeleteObjects: 0.013900 ms)

========================================================================
Received Import Request.
  Time since last request: 53.753212 seconds.
  path: Assets/Grapple Hook/Scripts/Grappler.cs
  artifactKey: Guid(6219a994189d6864a9e9224af77e4b1e) Importer(815301076,1909f56bfc062723c751e8b465ee728b)
Start importing Assets/Grapple Hook/Scripts/Grappler.cs using Guid(6219a994189d6864a9e9224af77e4b1e) Importer(815301076,1909f56bfc062723c751e8b465ee728b)  -> (artifact id: 'b6763dc46818fd8935c0962bcc6360d1') in 0.003834 seconds
  Import took 0.007802 seconds .

========================================================================
Received Import Request.
  Time since last request: 0.027062 seconds.
  path: Assets/Grapple Hook/Scripts/Grappler.cs
  artifactKey: Guid(6219a994189d6864a9e9224af77e4b1e) Importer(815301076,1909f56bfc062723c751e8b465ee728b)
Start importing Assets/Grapple Hook/Scripts/Grappler.cs using Guid(6219a994189d6864a9e9224af77e4b1e) Importer(815301076,1909f56bfc062723c751e8b465ee728b)  -> (artifact id: 'b6763dc46818fd8935c0962bcc6360d1') in 0.001550 seconds
  Import took 0.005066 seconds .

========================================================================
Received Prepare
Registering precompiled user dll's ...
Registered in 0.001291 seconds.
Begin MonoManager ReloadAssembly
Native extension for LinuxStandalone target not found
Native extension for WindowsStandalone target not found
Native extension for OSXStandalone target not found
Refreshing native plugins compatible for Editor in 0.71 ms, found 0 plugins.
Preloading 0 native plugins for Editor in 0.00 ms.
Invoked RoslynAnalysisRunner static constructor.
RoslynAnalysisRunner will not be running.
RoslynAnalysisRunner has terminated.
Mono: successfully reloaded assembly
- Completed reload, in  1.069 seconds
Platform modules already initialized, skipping
Shader 'Universal Render Pipeline/Particles/Lit': fallback shader 'Universal Render Pipeline/Particles/SimpleLit' not found
Refreshing native plugins compatible for Editor in 0.42 ms, found 0 plugins.
Preloading 0 native plugins for Editor in 0.00 ms.
Unloading 2666 Unused Serialized files (Serialized files now loaded: 0)
System memory in use before: 212.9 MB.
System memory in use after: 213.1 MB.

Unloading 7 unused Assets to reduce memory usage. Loaded Objects now: 3354.
Total: 1.996500 ms (FindLiveObjects: 0.248900 ms CreateObjectMapping: 0.139400 ms MarkObjects: 1.592600 ms  DeleteObjects: 0.014400 ms)

========================================================================
Received Import Request.
  Time since last request: 64.480330 seconds.
  path: Assets/Grapple Hook/Scripts/Grappler.cs
  artifactKey: Guid(6219a994189d6864a9e9224af77e4b1e) Importer(815301076,1909f56bfc062723c751e8b465ee728b)
Start importing Assets/Grapple Hook/Scripts/Grappler.cs using Guid(6219a994189d6864a9e9224af77e4b1e) Importer(815301076,1909f56bfc062723c751e8b465ee728b)  -> (artifact id: '6a9d489429c061f75003136248520ebd') in 0.003875 seconds
  Import took 0.007376 seconds .

========================================================================
Received Import Request.
  Time since last request: 0.027660 seconds.
  path: Assets/Grapple Hook/Scripts/Grappler.cs
  artifactKey: Guid(6219a994189d6864a9e9224af77e4b1e) Importer(815301076,1909f56bfc062723c751e8b465ee728b)
Start importing Assets/Grapple Hook/Scripts/Grappler.cs using Guid(6219a994189d6864a9e9224af77e4b1e) Importer(815301076,1909f56bfc062723c751e8b465ee728b)  -> (artifact id: '6a9d489429c061f75003136248520ebd') in 0.001555 seconds
  Import took 0.005145 seconds .

========================================================================
Received Prepare
Registering precompiled user dll's ...
Registered in 0.001308 seconds.
Begin MonoManager ReloadAssembly
Native extension for LinuxStandalone target not found
Native extension for WindowsStandalone target not found
Native extension for OSXStandalone target not found
Refreshing native plugins compatible for Editor in 0.43 ms, found 0 plugins.
Preloading 0 native plugins for Editor in 0.00 ms.
Invoked RoslynAnalysisRunner static constructor.
RoslynAnalysisRunner will not be running.
RoslynAnalysisRunner has terminated.
Mono: successfully reloaded assembly
- Completed reload, in  1.082 seconds
Platform modules already initialized, skipping
Shader 'Universal Render Pipeline/Particles/Lit': fallback shader 'Universal Render Pipeline/Particles/SimpleLit' not found
Refreshing native plugins compatible for Editor in 0.43 ms, found 0 plugins.
Preloading 0 native plugins for Editor in 0.00 ms.
Unloading 2666 Unused Serialized files (Serialized files now loaded: 0)
System memory in use before: 212.9 MB.
System memory in use after: 213.1 MB.

Unloading 7 unused Assets to reduce memory usage. Loaded Objects now: 3356.
Total: 1.869600 ms (FindLiveObjects: 0.257200 ms CreateObjectMapping: 0.131500 ms MarkObjects: 1.466300 ms  DeleteObjects: 0.013600 ms)

========================================================================
Received Import Request.
  Time since last request: 126.468842 seconds.
  path: Assets/Grapple Hook/Scripts/Grappler.cs
  artifactKey: Guid(6219a994189d6864a9e9224af77e4b1e) Importer(815301076,1909f56bfc062723c751e8b465ee728b)
Start importing Assets/Grapple Hook/Scripts/Grappler.cs using Guid(6219a994189d6864a9e9224af77e4b1e) Importer(815301076,1909f56bfc062723c751e8b465ee728b)  -> (artifact id: '9b190b833de9f9c72e3f9d42a50bee5b') in 0.003822 seconds
  Import took 0.007778 seconds .

========================================================================
Received Import Request.
  Time since last request: 0.027475 seconds.
  path: Assets/Grapple Hook/Scripts/Grappler.cs
  artifactKey: Guid(6219a994189d6864a9e9224af77e4b1e) Importer(815301076,1909f56bfc062723c751e8b465ee728b)
Start importing Assets/Grapple Hook/Scripts/Grappler.cs using Guid(6219a994189d6864a9e9224af77e4b1e) Importer(815301076,1909f56bfc062723c751e8b465ee728b)  -> (artifact id: '9b190b833de9f9c72e3f9d42a50bee5b') in 0.001472 seconds
  Import took 0.004989 seconds .

========================================================================
Received Prepare
Registering precompiled user dll's ...
Registered in 0.001307 seconds.
Begin MonoManager ReloadAssembly
Native extension for LinuxStandalone target not found
Native extension for WindowsStandalone target not found
Native extension for OSXStandalone target not found
Refreshing native plugins compatible for Editor in 0.43 ms, found 0 plugins.
Preloading 0 native plugins for Editor in 0.00 ms.
Invoked RoslynAnalysisRunner static constructor.
RoslynAnalysisRunner will not be running.
RoslynAnalysisRunner has terminated.
Mono: successfully reloaded assembly
- Completed reload, in  1.069 seconds
Platform modules already initialized, skipping
Shader 'Universal Render Pipeline/Particles/Lit': fallback shader 'Universal Render Pipeline/Particles/SimpleLit' not found
Refreshing native plugins compatible for Editor in 0.43 ms, found 0 plugins.
Preloading 0 native plugins for Editor in 0.00 ms.
Unloading 2666 Unused Serialized files (Serialized files now loaded: 0)
System memory in use before: 212.9 MB.
System memory in use after: 213.1 MB.

Unloading 7 unused Assets to reduce memory usage. Loaded Objects now: 3358.
Total: 1.847400 ms (FindLiveObjects: 0.238000 ms CreateObjectMapping: 0.119900 ms MarkObjects: 1.475700 ms  DeleteObjects: 0.012800 ms)

========================================================================
Received Import Request.
  Time since last request: 50.484726 seconds.
  path: Assets/Level Creation/Puzzle Mechanics/Pushable Blocks-Pressure Plates/Prefabs/Pushable Block.prefab
  artifactKey: Guid(d5f81572ad1b6814fa64e4e83769d666) Importer(815301076,1909f56bfc062723c751e8b465ee728b)
Start importing Assets/Level Creation/Puzzle Mechanics/Pushable Blocks-Pressure Plates/Prefabs/Pushable Block.prefab using Guid(d5f81572ad1b6814fa64e4e83769d666) Importer(815301076,1909f56bfc062723c751e8b465ee728b)  -> (artifact id: 'afd0a439f8d852c59d7cd93fbd2c71bf') in 0.118726 seconds
  Import took 0.122680 seconds .

========================================================================
Received Prepare
Registering precompiled user dll's ...
Registered in 0.001374 seconds.
Begin MonoManager ReloadAssembly
Native extension for LinuxStandalone target not found
Native extension for WindowsStandalone target not found
Native extension for OSXStandalone target not found
Refreshing native plugins compatible for Editor in 0.44 ms, found 0 plugins.
Preloading 0 native plugins for Editor in 0.00 ms.
Invoked RoslynAnalysisRunner static constructor.
RoslynAnalysisRunner will not be running.
RoslynAnalysisRunner has terminated.
Mono: successfully reloaded assembly
- Completed reload, in  1.065 seconds
Platform modules already initialized, skipping
Shader 'Universal Render Pipeline/Particles/Lit': fallback shader 'Universal Render Pipeline/Particles/SimpleLit' not found
Refreshing native plugins compatible for Editor in 0.42 ms, found 0 plugins.
Preloading 0 native plugins for Editor in 0.00 ms.
Unloading 2666 Unused Serialized files (Serialized files now loaded: 0)
System memory in use before: 213.0 MB.
System memory in use after: 213.2 MB.

Unloading 7 unused Assets to reduce memory usage. Loaded Objects now: 3396.
Total: 1.874700 ms (FindLiveObjects: 0.224000 ms CreateObjectMapping: 0.115200 ms MarkObjects: 1.520600 ms  DeleteObjects: 0.013800 ms)

========================================================================
Received Import Request.
  Time since last request: 313.285749 seconds.
  path: Assets/Level Creation/Palettes/Testing Palette.prefab
  artifactKey: Guid(6638a3e136691834cab69cb512e6454f) Importer(815301076,1909f56bfc062723c751e8b465ee728b)
Start importing Assets/Level Creation/Palettes/Testing Palette.prefab using Guid(6638a3e136691834cab69cb512e6454f) Importer(815301076,1909f56bfc062723c751e8b465ee728b)  -> (artifact id: '3e44f09dade5c5bb119e89b1fa007042') in 0.025318 seconds
  Import took 0.029229 seconds .

========================================================================
Received Import Request.
  Time since last request: 1.035488 seconds.
  path: Assets/Scenes/Testing.unity
  artifactKey: Guid(0143adae592644a439be9b5d78994194) Importer(815301076,1909f56bfc062723c751e8b465ee728b)
Start importing Assets/Scenes/Testing.unity using Guid(0143adae592644a439be9b5d78994194) Importer(815301076,1909f56bfc062723c751e8b465ee728b)  -> (artifact id: '60a82745ba06b1107e94b63640a63c1c') in 0.007533 seconds
  Import took 0.011459 seconds .

========================================================================
Received Prepare
Registering precompiled user dll's ...
Registered in 0.001309 seconds.
Begin MonoManager ReloadAssembly
Native extension for LinuxStandalone target not found
Native extension for WindowsStandalone target not found
Native extension for OSXStandalone target not found
Refreshing native plugins compatible for Editor in 0.44 ms, found 0 plugins.
Preloading 0 native plugins for Editor in 0.00 ms.
Invoked RoslynAnalysisRunner static constructor.
RoslynAnalysisRunner will not be running.
RoslynAnalysisRunner has terminated.
Mono: successfully reloaded assembly
- Completed reload, in  1.166 seconds
Platform modules already initialized, skipping
Shader 'Universal Render Pipeline/Particles/Lit': fallback shader 'Universal Render Pipeline/Particles/SimpleLit' not found
Refreshing native plugins compatible for Editor in 0.43 ms, found 0 plugins.
Preloading 0 native plugins for Editor in 0.00 ms.
Unloading 2669 Unused Serialized files (Serialized files now loaded: 0)
System memory in use before: 213.1 MB.
System memory in use after: 213.3 MB.

Unloading 7 unused Assets to reduce memory usage. Loaded Objects now: 3398.
Total: 1.829600 ms (FindLiveObjects: 0.232300 ms CreateObjectMapping: 0.119100 ms MarkObjects: 1.465100 ms  DeleteObjects: 0.012400 ms)

========================================================================
Received Prepare
Shader 'Universal Render Pipeline/Particles/Lit': fallback shader 'Universal Render Pipeline/Particles/SimpleLit' not found
Refreshing native plugins compatible for Editor in 1.15 ms, found 0 plugins.
Preloading 0 native plugins for Editor in 0.00 ms.
Unloading 5 Unused Serialized files (Serialized files now loaded: 0)
System memory in use before: 160.5 MB.
System memory in use after: 160.7 MB.

Unloading 4 unused Assets to reduce memory usage. Loaded Objects now: 3398.
Total: 1.920400 ms (FindLiveObjects: 0.247500 ms CreateObjectMapping: 0.135300 ms MarkObjects: 1.524900 ms  DeleteObjects: 0.011800 ms)

========================================================================
Received Prepare
Shader 'Universal Render Pipeline/Particles/Lit': fallback shader 'Universal Render Pipeline/Particles/SimpleLit' not found
Refreshing native plugins compatible for Editor in 1.14 ms, found 0 plugins.
Preloading 0 native plugins for Editor in 0.00 ms.
Unloading 5 Unused Serialized files (Serialized files now loaded: 0)
System memory in use before: 160.5 MB.
System memory in use after: 160.7 MB.

Unloading 4 unused Assets to reduce memory usage. Loaded Objects now: 3398.
Total: 1.906200 ms (FindLiveObjects: 0.228400 ms CreateObjectMapping: 0.114000 ms MarkObjects: 1.551400 ms  DeleteObjects: 0.011700 ms)

========================================================================
Received Prepare
Registering precompiled user dll's ...
Registered in 0.001282 seconds.
Begin MonoManager ReloadAssembly
Native extension for LinuxStandalone target not found
Native extension for WindowsStandalone target not found
Native extension for OSXStandalone target not found
Refreshing native plugins compatible for Editor in 0.48 ms, found 0 plugins.
Preloading 0 native plugins for Editor in 0.00 ms.
Invoked RoslynAnalysisRunner static constructor.
RoslynAnalysisRunner will not be running.
RoslynAnalysisRunner has terminated.
Mono: successfully reloaded assembly
- Completed reload, in  1.139 seconds
Platform modules already initialized, skipping
Shader 'Universal Render Pipeline/Particles/Lit': fallback shader 'Universal Render Pipeline/Particles/SimpleLit' not found
Refreshing native plugins compatible for Editor in 0.50 ms, found 0 plugins.
Preloading 0 native plugins for Editor in 0.00 ms.
Unloading 2669 Unused Serialized files (Serialized files now loaded: 0)
System memory in use before: 213.1 MB.
System memory in use after: 213.3 MB.

Unloading 7 unused Assets to reduce memory usage. Loaded Objects now: 3400.
Total: 2.279500 ms (FindLiveObjects: 0.285000 ms CreateObjectMapping: 0.158000 ms MarkObjects: 1.810500 ms  DeleteObjects: 0.018900 ms)

========================================================================
Received Prepare
Shader 'Universal Render Pipeline/Particles/Lit': fallback shader 'Universal Render Pipeline/Particles/SimpleLit' not found
Refreshing native plugins compatible for Editor in 1.11 ms, found 0 plugins.
Preloading 0 native plugins for Editor in 0.00 ms.
Unloading 5 Unused Serialized files (Serialized files now loaded: 0)
System memory in use before: 160.5 MB.
System memory in use after: 160.7 MB.

Unloading 4 unused Assets to reduce memory usage. Loaded Objects now: 3400.
Total: 1.918600 ms (FindLiveObjects: 0.230200 ms CreateObjectMapping: 0.123700 ms MarkObjects: 1.551400 ms  DeleteObjects: 0.012100 ms)

========================================================================
Received Prepare
Shader 'Universal Render Pipeline/Particles/Lit': fallback shader 'Universal Render Pipeline/Particles/SimpleLit' not found
Refreshing native plugins compatible for Editor in 1.06 ms, found 0 plugins.
Preloading 0 native plugins for Editor in 0.00 ms.
Unloading 5 Unused Serialized files (Serialized files now loaded: 0)
System memory in use before: 160.5 MB.
System memory in use after: 160.7 MB.

Unloading 4 unused Assets to reduce memory usage. Loaded Objects now: 3400.
Total: 2.113900 ms (FindLiveObjects: 0.240600 ms CreateObjectMapping: 0.126300 ms MarkObjects: 1.731500 ms  DeleteObjects: 0.014300 ms)

========================================================================
Received Prepare
Registering precompiled user dll's ...
Registered in 0.001289 seconds.
Begin MonoManager ReloadAssembly
Native extension for LinuxStandalone target not found
Native extension for WindowsStandalone target not found
Native extension for OSXStandalone target not found
Refreshing native plugins compatible for Editor in 0.49 ms, found 0 plugins.
Preloading 0 native plugins for Editor in 0.00 ms.
Invoked RoslynAnalysisRunner static constructor.
RoslynAnalysisRunner will not be running.
RoslynAnalysisRunner has terminated.
Mono: successfully reloaded assembly
- Completed reload, in  1.196 seconds
Platform modules already initialized, skipping
Shader 'Universal Render Pipeline/Particles/Lit': fallback shader 'Universal Render Pipeline/Particles/SimpleLit' not found
Refreshing native plugins compatible for Editor in 0.44 ms, found 0 plugins.
Preloading 0 native plugins for Editor in 0.00 ms.
Unloading 2669 Unused Serialized files (Serialized files now loaded: 0)
System memory in use before: 213.1 MB.
System memory in use after: 213.3 MB.

Unloading 7 unused Assets to reduce memory usage. Loaded Objects now: 3402.
Total: 1.977000 ms (FindLiveObjects: 0.232200 ms CreateObjectMapping: 0.109700 ms MarkObjects: 1.615200 ms  DeleteObjects: 0.018900 ms)

========================================================================
Received Prepare
Shader 'Universal Render Pipeline/Particles/Lit': fallback shader 'Universal Render Pipeline/Particles/SimpleLit' not found
Refreshing native plugins compatible for Editor in 1.11 ms, found 0 plugins.
Preloading 0 native plugins for Editor in 0.00 ms.
Unloading 5 Unused Serialized files (Serialized files now loaded: 0)
System memory in use before: 160.5 MB.
System memory in use after: 160.7 MB.

Unloading 4 unused Assets to reduce memory usage. Loaded Objects now: 3402.
Total: 2.142200 ms (FindLiveObjects: 0.263200 ms CreateObjectMapping: 0.128200 ms MarkObjects: 1.738200 ms  DeleteObjects: 0.011600 ms)

========================================================================
Received Prepare
Shader 'Universal Render Pipeline/Particles/Lit': fallback shader 'Universal Render Pipeline/Particles/SimpleLit' not found
Refreshing native plugins compatible for Editor in 1.09 ms, found 0 plugins.
Preloading 0 native plugins for Editor in 0.00 ms.
Unloading 5 Unused Serialized files (Serialized files now loaded: 0)
System memory in use before: 160.5 MB.
System memory in use after: 160.7 MB.

Unloading 4 unused Assets to reduce memory usage. Loaded Objects now: 3402.
Total: 1.982200 ms (FindLiveObjects: 0.237400 ms CreateObjectMapping: 0.126100 ms MarkObjects: 1.602200 ms  DeleteObjects: 0.014900 ms)

AssetImportWorkerClient::OnTransportError - code=2 error=End of file
